[2025-02-23 01:44:41:849][INFO ][main][i.d.b.BookManagementSystemApplication.logStarting] - Starting BookManagementSystemApplication using Java 17.0.2 with PID 5013 (/Users/2dongyeop/Developments/book-management-system/build/classes/java/main started by 2dongyeop in /Users/2dongyeop/Developments/book-management-system)
[2025-02-23 01:44:41:852][DEBUG][main][i.d.b.BookManagementSystemApplication.logStarting] - Running with Spring Boot v3.4.3, Spring v6.2.3
[2025-02-23 01:44:41:854][INFO ][main][i.d.b.BookManagementSystemApplication.logStartupProfileInfo] - No active profile set, falling back to 1 default profile: "default"
[2025-02-23 01:44:42:1401][INFO ][main][o.s.d.r.c.RepositoryConfigurationDelegate.registerRepositoriesIn] - Bootstrapping Spring Data JPA repositories in DEFAULT mode.
[2025-02-23 01:44:42:1411][INFO ][main][o.s.d.r.c.RepositoryConfigurationDelegate.registerRepositoriesIn] - Finished Spring Data repository scanning in 4 ms. Found 0 JPA repository interfaces.
[2025-02-23 01:44:43:2139][INFO ][main][o.s.b.w.e.t.TomcatWebServer.initialize] - Tomcat initialized with port 8080 (http)
[2025-02-23 01:44:43:2149][INFO ][main][o.a.c.c.StandardService.log] - Starting service [Tomcat]
[2025-02-23 01:44:43:2150][INFO ][main][o.a.c.c.StandardEngine.log] - Starting Servlet engine: [Apache Tomcat/10.1.36]
[2025-02-23 01:44:43:2183][INFO ][main][o.a.c.c.C.[.[.[/].log] - Initializing Spring embedded WebApplicationContext
[2025-02-23 01:44:43:2184][INFO ][main][o.s.b.w.s.c.ServletWebServerApplicationContext.prepareWebApplicationContext] - Root WebApplicationContext: initialization completed in 1271 ms
[2025-02-23 01:44:43:2324][INFO ][main][o.h.j.i.u.LogHelper.logPersistenceUnitInformation] - HHH000204: Processing PersistenceUnitInfo [name: default]
[2025-02-23 01:44:43:2351][INFO ][main][o.hibernate.Version.logVersion] - HHH000412: Hibernate ORM core version 6.6.8.Final
[2025-02-23 01:44:43:2372][INFO ][main][o.h.c.i.RegionFactoryInitiator.initiateService] - HHH000026: Second-level cache disabled
[2025-02-23 01:44:43:2586][INFO ][main][o.s.o.j.p.SpringPersistenceUnitInfo.addTransformer] - No LoadTimeWeaver setup: ignoring JPA class transformer
[2025-02-23 01:44:43:2615][INFO ][main][c.z.h.HikariDataSource.getConnection] - HikariPool-1 - Starting...
[2025-02-23 01:44:43:2730][INFO ][main][c.z.h.p.HikariPool.checkFailFast] - HikariPool-1 - Added connection conn0: url=jdbc:h2:mem:testdb user=SA
[2025-02-23 01:44:43:2732][INFO ][main][c.z.h.HikariDataSource.getConnection] - HikariPool-1 - Start completed.
[2025-02-23 01:44:43:2772][INFO ][main][o.h.o.c.pooling.initiateService] - HHH10001005: Database info:
	Database JDBC URL [Connecting through datasource 'HikariDataSource (HikariPool-1)']
	Database driver: undefined/unknown
	Database version: 2.3.232
	Autocommit mode: undefined/unknown
	Isolation level: undefined/unknown
	Minimum pool size: undefined/unknown
	Maximum pool size: undefined/unknown
[2025-02-23 01:44:44:3345][INFO ][main][o.h.e.t.j.p.i.JtaPlatformInitiator.initiateService] - HHH000489: No JTA platform available (set 'hibernate.transaction.jta.platform' to enable JTA platform integration)
[2025-02-23 01:44:44:3354][DEBUG][main][org.hibernate.SQL.logStatement] - 
    drop table if exists author cascade 
[2025-02-23 01:44:44:3357][DEBUG][main][org.hibernate.SQL.logStatement] - 
    drop table if exists book cascade 
[2025-02-23 01:44:44:3361][DEBUG][main][org.hibernate.SQL.logStatement] - 
    create table author (
        id bigint generated by default as identity,
        email varchar(255) not null unique,
        name varchar(255) not null,
        primary key (id)
    )
[2025-02-23 01:44:44:3367][DEBUG][main][org.hibernate.SQL.logStatement] - 
    create table book (
        author_id bigint not null,
        id bigint generated by default as identity,
        publication_date timestamp(6),
        description varchar(255),
        isbn varchar(255) not null unique,
        title varchar(255) not null,
        primary key (id)
    )
[2025-02-23 01:44:44:3369][DEBUG][main][org.hibernate.SQL.logStatement] - 
    alter table if exists book 
       add constraint FKklnrv3weler2ftkweewlky958 
       foreign key (author_id) 
       references author
[2025-02-23 01:44:44:3379][INFO ][main][o.s.o.j.LocalContainerEntityManagerFactoryBean.buildNativeEntityManagerFactory] - Initialized JPA EntityManagerFactory for persistence unit 'default'
[2025-02-23 01:44:44:3475][WARN ][main][o.s.b.a.o.j.JpaBaseConfiguration$JpaWebConfiguration.openEntityManagerInViewInterceptor] - spring.jpa.open-in-view is enabled by default. Therefore, database queries may be performed during view rendering. Explicitly configure spring.jpa.open-in-view to disable this warning
[2025-02-23 01:44:44:3805][INFO ][main][o.s.b.a.h.H2ConsoleAutoConfiguration.log] - H2 console available at '/h2'. Database available at 'jdbc:h2:mem:testdb'
[2025-02-23 01:44:44:3877][INFO ][main][o.s.b.w.e.t.TomcatWebServer.start] - Tomcat started on port 8080 (http) with context path '/'
[2025-02-23 01:44:44:3892][INFO ][main][i.d.b.BookManagementSystemApplication.logStarted] - Started BookManagementSystemApplication in 3.718 seconds (process running for 4.341)
[2025-02-23 02:06:12:1291606][INFO ][SpringApplicationShutdownHook][o.s.b.w.e.t.GracefulShutdown.shutDownGracefully] - Commencing graceful shutdown. Waiting for active requests to complete
[2025-02-23 02:06:12:1291626][INFO ][tomcat-shutdown][o.s.b.w.e.t.GracefulShutdown.doShutdown] - Graceful shutdown complete
[2025-02-23 02:06:12:1291637][INFO ][SpringApplicationShutdownHook][o.s.o.j.LocalContainerEntityManagerFactoryBean.destroy] - Closing JPA EntityManagerFactory for persistence unit 'default'
[2025-02-23 02:06:12:1291641][INFO ][SpringApplicationShutdownHook][c.z.h.HikariDataSource.close] - HikariPool-1 - Shutdown initiated...
[2025-02-23 02:06:12:1291645][INFO ][SpringApplicationShutdownHook][c.z.h.HikariDataSource.close] - HikariPool-1 - Shutdown completed.
